▲ Next.js 16.2.9 (Turbopack)
- Local:         http://localhost:3007
- Network:       http://192.168.1.7:3007
- Environments: .env.local
✓ Ready in 1300ms

○ Compiling / ...
 GET / 200 in 9.1s (next.js: 8.1s, application-code: 926ms)
 GET / 200 in 161ms (next.js: 13ms, application-code: 148ms)
Invalid DOM property `stop-color`. Did you mean `stopColor`?
Invalid DOM property `stop-opacity`. Did you mean `stopOpacity`?
Invalid DOM property `stroke-width`. Did you mean `strokeWidth`?
Invalid DOM property `stroke-linecap`. Did you mean `strokeLinecap`?
Invalid DOM property `stroke-linejoin`. Did you mean `strokeLinejoin`?
Invalid DOM property `font-family`. Did you mean `fontFamily`?
Invalid DOM property `font-size`. Did you mean `fontSize`?
Invalid DOM property `font-weight`. Did you mean `fontWeight`?
Invalid DOM property `letter-spacing`. Did you mean `letterSpacing`?
 GET /services 200 in 2.7s (next.js: 2.2s, application-code: 545ms)
 GET /agents 200 in 1991ms (next.js: 1559ms, application-code: 431ms)
 GET / 200 in 254ms (next.js: 39ms, application-code: 215ms)
 GET /agents 200 in 386ms (next.js: 19ms, application-code: 367ms)
[browser] In HTML, <a> cannot be a descendant of <a>.
This will cause a hydration error.

  ...
    <HTTPAccessFallbackBoundary notFound={{...}} forbidden={undefined} unauthorized={undefined}>
      <HTTPAccessFallbackErrorBoundary pathname="/agents" notFound={{...}} forbidden={undefined} unauthorized={undefined} ...>
        <RedirectBoundary>
          <RedirectErrorBoundary router={{...}}>
            <InnerLayoutRouter url="/agents" tree={[...]} params={{}} cacheNode={{rsc:{...}, ...}} segmentPath={[...]} ...>
              <SegmentViewNode type="layout" pagePath="(site)/lay...">
                <SegmentTrieNode>
                <script>
                <script>
                <script>
                <SiteLayout>
                  <ParticlesBackground>
                  <Header>
                    <header className="fixed top-...">
                      <nav className="max-w-6xl ...">
                        <LinkComponent href="/" className="flex items...">
>                         <a
>                           className="flex items-center"
>                           ref={function}
>                           onClick={function onClick}
>                           onMouseEnter={function onMouseEnter}
>                           onTouchStart={function onTouchStart}
>                           href="/"
>                         >
                            <Logo className="h-16 w-auto">
                              <LinkComponent href="/" className={"flex ite..."}>
>                               <a
>                                 className={"flex items-center "}
>                                 ref={function}
>                                 onClick={function onClick}
>                                 onMouseEnter={function onMouseEnter}
>                                 onTouchStart={function onTouchStart}
>                                 href="/"
>                               >
                        ...
                  ...
            ...
 
[browser] <a> cannot contain a nested <a>.
See this log for the ancestor stack trace. 
[browser] Invalid DOM property `stop-color`. Did you mean `stopColor`? 
[browser] Invalid DOM property `stop-opacity`. Did you mean `stopOpacity`? 
[browser] Invalid DOM property `stroke-width`. Did you mean `strokeWidth`? 
[browser] Invalid DOM property `stroke-linecap`. Did you mean `strokeLinecap`? 
[browser] Invalid DOM property `stroke-linejoin`. Did you mean `strokeLinejoin`? 
[browser] Invalid DOM property `font-family`. Did you mean `fontFamily`? 
[browser] Invalid DOM property `font-size`. Did you mean `fontSize`? 
[browser] Invalid DOM property `font-weight`. Did you mean `fontWeight`? 
[browser] Invalid DOM property `letter-spacing`. Did you mean `letterSpacing`? 
[browser] Uncaught Error: Hydration failed because the server rendered HTML didn't match the client. As a result this tree will be regenerated on the client. This can happen if a SSR-ed Client Component used:

- A server/client branch `if (typeof window !== 'undefined')`.
- Variable input such as `Date.now()` or `Math.random()` which changes each time it's called.
- Date formatting in a user's locale which doesn't match the server.
- External changing data without sending a snapshot of it along with the HTML.
- Invalid HTML tag nesting.

It can also happen if the client has a browser extension installed which messes with the HTML before React loaded.

https://react.dev/link/hydration-mismatch
    at <unknown> (https://react.dev/link/hydration-mismatch)
    at a (<anonymous>)
    at Logo (src/components/Logo.tsx:5:5)
    at Header (src/components/Header.tsx:25:11)
    at SiteLayout (src\app\(site)\layout.tsx:27:7)
  3 | export default function Logo({ className = "h-16 w-auto" }: { className?: string }) {
  4 |   return (
> 5 |     <Link href="/" className={`flex items-center ${className.includes("h-") ? "" : "h-16"}`}>
    |     ^
  6 |       <svg xmlns="http://www.w3.org/2000/svg" viewBox="0 0 600 140" fill="none" className={...
  7 |         <defs>
  8 |           <linearGradient id="lb1" x1="0%" y1="0%" x2="100%" y2="100%">
 GET / 200 in 82ms (next.js: 13ms, application-code: 69ms)
 GET /agents 200 in 382ms (next.js: 9ms, application-code: 372ms)
[browser] In HTML, <a> cannot be a descendant of <a>.
This will cause a hydration error.

  ...
    <HTTPAccessFallbackBoundary notFound={{...}} forbidden={undefined} unauthorized={undefined}>
      <HTTPAccessFallbackErrorBoundary pathname="/agents" notFound={{...}} forbidden={undefined} unauthorized={undefined} ...>
        <RedirectBoundary>
          <RedirectErrorBoundary router={{...}}>
            <InnerLayoutRouter url="/agents" tree={[...]} params={{}} cacheNode={{rsc:{...}, ...}} segmentPath={[...]} ...>
              <SegmentViewNode type="layout" pagePath="(site)/lay...">
                <SegmentTrieNode>
                <script>
                <script>
                <script>
                <SiteLayout>
                  <ParticlesBackground>
                  <Header>
                    <header className="fixed top-...">
                      <nav className="max-w-6xl ...">
                        <LinkComponent href="/" className="flex items...">
>                         <a
>                           className="flex items-center"
>                           ref={function}
>                           onClick={function onClick}
>                           onMouseEnter={function onMouseEnter}
>                           onTouchStart={function onTouchStart}
>                           href="/"
>                         >
                            <Logo className="h-16 w-auto">
                              <LinkComponent href="/" className={"flex ite..."}>
>                               <a
>                                 className={"flex items-center "}
>                                 ref={function}
>                                 onClick={function onClick}
>                                 onMouseEnter={function onMouseEnter}
>                                 onTouchStart={function onTouchStart}
>                                 href="/"
>                               >
                        ...
                  ...
            ...
 
[browser] <a> cannot contain a nested <a>.
See this log for the ancestor stack trace. 
[browser] Invalid DOM property `stop-color`. Did you mean `stopColor`? 
[browser] Invalid DOM property `stop-opacity`. Did you mean `stopOpacity`? 
[browser] Invalid DOM property `stroke-width`. Did you mean `strokeWidth`? 
[browser] Invalid DOM property `stroke-linecap`. Did you mean `strokeLinecap`? 
[browser] Invalid DOM property `stroke-linejoin`. Did you mean `strokeLinejoin`? 
[browser] Invalid DOM property `font-family`. Did you mean `fontFamily`? 
[browser] Invalid DOM property `font-size`. Did you mean `fontSize`? 
[browser] Invalid DOM property `font-weight`. Did you mean `fontWeight`? 
[browser] Invalid DOM property `letter-spacing`. Did you mean `letterSpacing`? 
[browser] Uncaught Error: Hydration failed because the server rendered HTML didn't match the client. As a result this tree will be regenerated on the client. This can happen if a SSR-ed Client Component used:

- A server/client branch `if (typeof window !== 'undefined')`.
- Variable input such as `Date.now()` or `Math.random()` which changes each time it's called.
- Date formatting in a user's locale which doesn't match the server.
- External changing data without sending a snapshot of it along with the HTML.
- Invalid HTML tag nesting.

It can also happen if the client has a browser extension installed which messes with the HTML before React loaded.

https://react.dev/link/hydration-mismatch
    at <unknown> (https://react.dev/link/hydration-mismatch)
    at a (<anonymous>)
    at Logo (src/components/Logo.tsx:5:5)
    at Header (src/components/Header.tsx:25:11)
    at SiteLayout (src\app\(site)\layout.tsx:27:7)
  3 | export default function Logo({ className = "h-16 w-auto" }: { className?: string }) {
  4 |   return (
> 5 |     <Link href="/" className={`flex items-center ${className.includes("h-") ? "" : "h-16"}`}>
    |     ^
  6 |       <svg xmlns="http://www.w3.org/2000/svg" viewBox="0 0 600 140" fill="none" className={...
  7 |         <defs>
  8 |           <linearGradient id="lb1" x1="0%" y1="0%" x2="100%" y2="100%">
 GET /services 200 in 144ms (next.js: 15ms, application-code: 129ms)
